{"/Users/raghad/blog-frontend-master/my-app/src/App.js": {"path":"/Users/raghad/blog-frontend-master/my-app/src/App.js","statementMap":{"0":{"start":{"line":12,"column":34},"end":{"line":12,"column":46}},"1":{"start":{"line":13,"column":34},"end":{"line":13,"column":46}},"2":{"start":{"line":14,"column":26},"end":{"line":14,"column":40}},"3":{"start":{"line":15,"column":25},"end":{"line":18,"column":4}},"4":{"start":{"line":19,"column":15},"end":{"line":19,"column":23}},"5":{"start":{"line":20,"column":16},"end":{"line":20,"column":25}},"6":{"start":{"line":21,"column":22},"end":{"line":21,"column":30}},"7":{"start":{"line":24,"column":2},"end":{"line":31,"column":8}},"8":{"start":{"line":25,"column":27},"end":{"line":25,"column":75}},"9":{"start":{"line":26,"column":4},"end":{"line":30,"column":5}},"10":{"start":{"line":27,"column":19},"end":{"line":27,"column":45}},"11":{"start":{"line":28,"column":6},"end":{"line":28,"column":19}},"12":{"start":{"line":29,"column":6},"end":{"line":29,"column":38}},"13":{"start":{"line":34,"column":26},"end":{"line":40,"column":3}},"14":{"start":{"line":35,"column":4},"end":{"line":35,"column":43}},"15":{"start":{"line":36,"column":4},"end":{"line":36,"column":69}},"16":{"start":{"line":37,"column":4},"end":{"line":39,"column":12}},"17":{"start":{"line":38,"column":6},"end":{"line":38,"column":40}},"18":{"start":{"line":42,"column":22},"end":{"line":66,"column":3}},"19":{"start":{"line":43,"column":4},"end":{"line":43,"column":26}},"20":{"start":{"line":45,"column":4},"end":{"line":64,"column":5}},"21":{"start":{"line":46,"column":19},"end":{"line":48,"column":8}},"22":{"start":{"line":49,"column":6},"end":{"line":51,"column":7}},"23":{"start":{"line":54,"column":6},"end":{"line":54,"column":38}},"24":{"start":{"line":55,"column":6},"end":{"line":55,"column":19}},"25":{"start":{"line":56,"column":6},"end":{"line":56,"column":21}},"26":{"start":{"line":57,"column":6},"end":{"line":57,"column":21}},"27":{"start":{"line":59,"column":6},"end":{"line":59,"column":67}},"28":{"start":{"line":60,"column":6},"end":{"line":62,"column":14}},"29":{"start":{"line":61,"column":8},"end":{"line":61,"column":42}},"30":{"start":{"line":65,"column":4},"end":{"line":65,"column":54}},"31":{"start":{"line":68,"column":23},"end":{"line":73,"column":3}},"32":{"start":{"line":69,"column":4},"end":{"line":71,"column":72}},"33":{"start":{"line":69,"column":27},"end":{"line":69,"column":39}},"34":{"start":{"line":71,"column":9},"end":{"line":71,"column":72}},"35":{"start":{"line":74,"column":23},"end":{"line":78,"column":3}},"36":{"start":{"line":75,"column":4},"end":{"line":75,"column":26}},"37":{"start":{"line":76,"column":4},"end":{"line":76,"column":55}},"38":{"start":{"line":77,"column":4},"end":{"line":77,"column":17}},"39":{"start":{"line":80,"column":4},"end":{"line":88,"column":15}},"40":{"start":{"line":84,"column":46},"end":{"line":84,"column":71}},"41":{"start":{"line":85,"column":46},"end":{"line":85,"column":71}},"42":{"start":{"line":92,"column":2},"end":{"line":105,"column":4}}},"fnMap":{"0":{"name":"App","decl":{"start":{"line":10,"column":9},"end":{"line":10,"column":12}},"loc":{"start":{"line":10,"column":15},"end":{"line":106,"column":1}},"line":10},"1":{"name":"(anonymous_1)","decl":{"start":{"line":24,"column":12},"end":{"line":24,"column":13}},"loc":{"start":{"line":24,"column":18},"end":{"line":31,"column":3}},"line":24},"2":{"name":"(anonymous_2)","decl":{"start":{"line":34,"column":26},"end":{"line":34,"column":27}},"loc":{"start":{"line":34,"column":41},"end":{"line":40,"column":3}},"line":34},"3":{"name":"(anonymous_3)","decl":{"start":{"line":37,"column":15},"end":{"line":37,"column":16}},"loc":{"start":{"line":37,"column":21},"end":{"line":39,"column":5}},"line":37},"4":{"name":"(anonymous_4)","decl":{"start":{"line":42,"column":22},"end":{"line":42,"column":23}},"loc":{"start":{"line":42,"column":39},"end":{"line":66,"column":3}},"line":42},"5":{"name":"(anonymous_5)","decl":{"start":{"line":60,"column":17},"end":{"line":60,"column":18}},"loc":{"start":{"line":60,"column":23},"end":{"line":62,"column":7}},"line":60},"6":{"name":"(anonymous_6)","decl":{"start":{"line":68,"column":23},"end":{"line":68,"column":24}},"loc":{"start":{"line":68,"column":34},"end":{"line":73,"column":3}},"line":68},"7":{"name":"(anonymous_7)","decl":{"start":{"line":74,"column":23},"end":{"line":74,"column":24}},"loc":{"start":{"line":74,"column":34},"end":{"line":78,"column":3}},"line":74},"8":{"name":"(anonymous_8)","decl":{"start":{"line":84,"column":30},"end":{"line":84,"column":31}},"loc":{"start":{"line":84,"column":46},"end":{"line":84,"column":71}},"line":84},"9":{"name":"(anonymous_9)","decl":{"start":{"line":85,"column":30},"end":{"line":85,"column":31}},"loc":{"start":{"line":85,"column":46},"end":{"line":85,"column":71}},"line":85}},"branchMap":{"0":{"loc":{"start":{"line":26,"column":4},"end":{"line":30,"column":5}},"type":"if","locations":[{"start":{"line":26,"column":4},"end":{"line":30,"column":5}},{"start":{"line":26,"column":4},"end":{"line":30,"column":5}}],"line":26},"1":{"loc":{"start":{"line":69,"column":4},"end":{"line":71,"column":72}},"type":"if","locations":[{"start":{"line":69,"column":4},"end":{"line":71,"column":72}},{"start":{"line":69,"column":4},"end":{"line":71,"column":72}}],"line":69},"2":{"loc":{"start":{"line":97,"column":7},"end":{"line":102,"column":14}},"type":"cond-expr","locations":[{"start":{"line":98,"column":8},"end":{"line":98,"column":25}},{"start":{"line":99,"column":8},"end":{"line":102,"column":14}}],"line":97}},"s":{"0":0,"1":0,"2":0,"3":0,"4":0,"5":0,"6":0,"7":0,"8":0,"9":0,"10":0,"11":0,"12":0,"13":0,"14":0,"15":0,"16":0,"17":0,"18":0,"19":0,"20":0,"21":0,"22":0,"23":0,"24":0,"25":0,"26":0,"27":0,"28":0,"29":0,"30":0,"31":0,"32":0,"33":0,"34":0,"35":0,"36":0,"37":0,"38":0,"39":0,"40":0,"41":0,"42":0},"f":{"0":0,"1":0,"2":0,"3":0,"4":0,"5":0,"6":0,"7":0,"8":0,"9":0},"b":{"0":[0,0],"1":[0,0],"2":[0,0]}}
,"/Users/raghad/blog-frontend-master/my-app/src/Tryme.js": {"path":"/Users/raghad/blog-frontend-master/my-app/src/Tryme.js","statementMap":{"0":{"start":{"line":3,"column":14},"end":{"line":10,"column":1}},"1":{"start":{"line":4,"column":20},"end":{"line":6,"column":5}},"2":{"start":{"line":7,"column":4},"end":{"line":9,"column":5}}},"fnMap":{"0":{"name":"(anonymous_0)","decl":{"start":{"line":3,"column":14},"end":{"line":3,"column":15}},"loc":{"start":{"line":3,"column":25},"end":{"line":10,"column":1}},"line":3}},"branchMap":{},"s":{"0":1,"1":0,"2":0},"f":{"0":0},"b":{},"_coverageSchema":"1a1c01bbd47fc00a2c39e90264f33305004495a9","hash":"2d16b639a784c22b3910b18860f00990b6d312e0"}
,"/Users/raghad/blog-frontend-master/my-app/src/index.js": {"path":"/Users/raghad/blog-frontend-master/my-app/src/index.js","statementMap":{"0":{"start":{"line":8,"column":0},"end":{"line":13,"column":2}},"1":{"start":{"line":18,"column":0},"end":{"line":18,"column":18}}},"fnMap":{},"branchMap":{},"s":{"0":0,"1":0},"f":{},"b":{}}
,"/Users/raghad/blog-frontend-master/my-app/src/reportWebVitals.js": {"path":"/Users/raghad/blog-frontend-master/my-app/src/reportWebVitals.js","statementMap":{"0":{"start":{"line":1,"column":24},"end":{"line":11,"column":1}},"1":{"start":{"line":2,"column":2},"end":{"line":10,"column":3}},"2":{"start":{"line":3,"column":4},"end":{"line":9,"column":7}},"3":{"start":{"line":4,"column":6},"end":{"line":4,"column":26}},"4":{"start":{"line":5,"column":6},"end":{"line":5,"column":26}},"5":{"start":{"line":6,"column":6},"end":{"line":6,"column":26}},"6":{"start":{"line":7,"column":6},"end":{"line":7,"column":26}},"7":{"start":{"line":8,"column":6},"end":{"line":8,"column":27}}},"fnMap":{"0":{"name":"(anonymous_0)","decl":{"start":{"line":1,"column":24},"end":{"line":1,"column":25}},"loc":{"start":{"line":1,"column":39},"end":{"line":11,"column":1}},"line":1},"1":{"name":"(anonymous_1)","decl":{"start":{"line":3,"column":30},"end":{"line":3,"column":31}},"loc":{"start":{"line":3,"column":79},"end":{"line":9,"column":5}},"line":3}},"branchMap":{"0":{"loc":{"start":{"line":2,"column":2},"end":{"line":10,"column":3}},"type":"if","locations":[{"start":{"line":2,"column":2},"end":{"line":10,"column":3}},{"start":{"line":2,"column":2},"end":{"line":10,"column":3}}],"line":2},"1":{"loc":{"start":{"line":2,"column":6},"end":{"line":2,"column":52}},"type":"binary-expr","locations":[{"start":{"line":2,"column":6},"end":{"line":2,"column":17}},{"start":{"line":2,"column":21},"end":{"line":2,"column":52}}],"line":2}},"s":{"0":0,"1":0,"2":0,"3":0,"4":0,"5":0,"6":0,"7":0},"f":{"0":0,"1":0},"b":{"0":[0,0],"1":[0,0]}}
,"/Users/raghad/blog-frontend-master/my-app/src/test.js": {"path":"/Users/raghad/blog-frontend-master/my-app/src/test.js","statementMap":{"0":{"start":{"line":4,"column":18},"end":{"line":6,"column":5}},"1":{"start":{"line":5,"column":8},"end":{"line":5,"column":58}},"2":{"start":{"line":7,"column":24},"end":{"line":13,"column":5}},"3":{"start":{"line":8,"column":8},"end":{"line":12,"column":10}},"4":{"start":{"line":14,"column":4},"end":{"line":18,"column":6}}},"fnMap":{"0":{"name":"WelcomeDialog","decl":{"start":{"line":3,"column":9},"end":{"line":3,"column":22}},"loc":{"start":{"line":3,"column":25},"end":{"line":19,"column":1}},"line":3},"1":{"name":"(anonymous_1)","decl":{"start":{"line":4,"column":18},"end":{"line":4,"column":19}},"loc":{"start":{"line":4,"column":29},"end":{"line":6,"column":5}},"line":4},"2":{"name":"(anonymous_2)","decl":{"start":{"line":7,"column":24},"end":{"line":7,"column":25}},"loc":{"start":{"line":7,"column":35},"end":{"line":13,"column":5}},"line":7}},"branchMap":{},"s":{"0":0,"1":0,"2":0,"3":0,"4":0},"f":{"0":0,"1":0,"2":0},"b":{}}
,"/Users/raghad/blog-frontend-master/my-app/src/components/BlogContent.js": {"path":"/Users/raghad/blog-frontend-master/my-app/src/components/BlogContent.js","statementMap":{"0":{"start":{"line":1,"column":20},"end":{"line":8,"column":1}},"1":{"start":{"line":2,"column":4},"end":{"line":7,"column":6}}},"fnMap":{"0":{"name":"(anonymous_0)","decl":{"start":{"line":1,"column":20},"end":{"line":1,"column":21}},"loc":{"start":{"line":1,"column":31},"end":{"line":8,"column":1}},"line":1}},"branchMap":{},"s":{"0":1,"1":0},"f":{"0":0},"b":{},"_coverageSchema":"1a1c01bbd47fc00a2c39e90264f33305004495a9","hash":"095f47ee0c5909fd8c6754f94184342164173fab"}
,"/Users/raghad/blog-frontend-master/my-app/src/components/BlogForm.js": {"path":"/Users/raghad/blog-frontend-master/my-app/src/components/BlogForm.js","statementMap":{"0":{"start":{"line":2,"column":17},"end":{"line":44,"column":1}},"1":{"start":{"line":3,"column":34},"end":{"line":3,"column":46}},"2":{"start":{"line":4,"column":32},"end":{"line":4,"column":44}},"3":{"start":{"line":7,"column":29},"end":{"line":11,"column":5}},"4":{"start":{"line":8,"column":8},"end":{"line":8,"column":39}},"5":{"start":{"line":9,"column":8},"end":{"line":9,"column":38}},"6":{"start":{"line":12,"column":28},"end":{"line":15,"column":5}},"7":{"start":{"line":13,"column":8},"end":{"line":13,"column":39}},"8":{"start":{"line":14,"column":8},"end":{"line":14,"column":37}},"9":{"start":{"line":17,"column":20},"end":{"line":25,"column":5}},"10":{"start":{"line":18,"column":8},"end":{"line":18,"column":30}},"11":{"start":{"line":19,"column":8},"end":{"line":23,"column":10}},"12":{"start":{"line":24,"column":8},"end":{"line":24,"column":22}},"13":{"start":{"line":27,"column":4},"end":{"line":43,"column":5}}},"fnMap":{"0":{"name":"(anonymous_0)","decl":{"start":{"line":2,"column":17},"end":{"line":2,"column":18}},"loc":{"start":{"line":2,"column":37},"end":{"line":44,"column":1}},"line":2},"1":{"name":"(anonymous_1)","decl":{"start":{"line":7,"column":29},"end":{"line":7,"column":30}},"loc":{"start":{"line":7,"column":40},"end":{"line":11,"column":5}},"line":7},"2":{"name":"(anonymous_2)","decl":{"start":{"line":12,"column":28},"end":{"line":12,"column":29}},"loc":{"start":{"line":12,"column":39},"end":{"line":15,"column":5}},"line":12},"3":{"name":"(anonymous_3)","decl":{"start":{"line":17,"column":20},"end":{"line":17,"column":21}},"loc":{"start":{"line":17,"column":31},"end":{"line":25,"column":5}},"line":17}},"branchMap":{},"s":{"0":1,"1":1,"2":1,"3":1,"4":0,"5":0,"6":1,"7":0,"8":0,"9":1,"10":0,"11":0,"12":0,"13":1},"f":{"0":1,"1":0,"2":0,"3":0},"b":{},"_coverageSchema":"1a1c01bbd47fc00a2c39e90264f33305004495a9","hash":"f6477e209df9c8bc0e8713b0af01ec25fba92405"}
,"/Users/raghad/blog-frontend-master/my-app/src/components/BlogList.js": {"path":"/Users/raghad/blog-frontend-master/my-app/src/components/BlogList.js","statementMap":{"0":{"start":{"line":10,"column":8},"end":{"line":10,"column":21}},"1":{"start":{"line":11,"column":8},"end":{"line":11,"column":27}},"2":{"start":{"line":12,"column":8},"end":{"line":12,"column":35}},"3":{"start":{"line":14,"column":8},"end":{"line":14,"column":55}},"4":{"start":{"line":15,"column":8},"end":{"line":15,"column":57}},"5":{"start":{"line":16,"column":8},"end":{"line":16,"column":47}},"6":{"start":{"line":20,"column":8},"end":{"line":22,"column":11}},"7":{"start":{"line":21,"column":12},"end":{"line":21,"column":42}},"8":{"start":{"line":26,"column":8},"end":{"line":34,"column":14}},"9":{"start":{"line":30,"column":16},"end":{"line":30,"column":62}},"10":{"start":{"line":31,"column":33},"end":{"line":31,"column":70}},"11":{"start":{"line":32,"column":16},"end":{"line":32,"column":51}},"12":{"start":{"line":38,"column":8},"end":{"line":38,"column":21}},"13":{"start":{"line":39,"column":8},"end":{"line":49,"column":11}},"14":{"start":{"line":40,"column":12},"end":{"line":40,"column":39}},"15":{"start":{"line":41,"column":29},"end":{"line":46,"column":14}},"16":{"start":{"line":42,"column":16},"end":{"line":44,"column":17}},"17":{"start":{"line":43,"column":20},"end":{"line":43,"column":28}},"18":{"start":{"line":45,"column":16},"end":{"line":45,"column":25}},"19":{"start":{"line":47,"column":12},"end":{"line":47,"column":34}},"20":{"start":{"line":48,"column":12},"end":{"line":48,"column":47}},"21":{"start":{"line":53,"column":23},"end":{"line":53,"column":74}},"22":{"start":{"line":54,"column":8},"end":{"line":59,"column":9}},"23":{"start":{"line":55,"column":12},"end":{"line":58,"column":14}},"24":{"start":{"line":56,"column":33},"end":{"line":56,"column":81}},"25":{"start":{"line":56,"column":64},"end":{"line":56,"column":80}},"26":{"start":{"line":57,"column":16},"end":{"line":57,"column":51}},"27":{"start":{"line":63,"column":8},"end":{"line":63,"column":54}},"28":{"start":{"line":64,"column":21},"end":{"line":64,"column":36}},"29":{"start":{"line":65,"column":22},"end":{"line":70,"column":46}},"30":{"start":{"line":67,"column":16},"end":{"line":67,"column":39}},"31":{"start":{"line":67,"column":27},"end":{"line":67,"column":39}},"32":{"start":{"line":68,"column":16},"end":{"line":68,"column":74}},"33":{"start":{"line":68,"column":31},"end":{"line":68,"column":74}},"34":{"start":{"line":70,"column":28},"end":{"line":70,"column":45}},"35":{"start":{"line":72,"column":29},"end":{"line":85,"column":10}},"36":{"start":{"line":73,"column":12},"end":{"line":84,"column":14}},"37":{"start":{"line":79,"column":51},"end":{"line":79,"column":73}},"38":{"start":{"line":82,"column":43},"end":{"line":82,"column":66}},"39":{"start":{"line":86,"column":8},"end":{"line":95,"column":10}}},"fnMap":{"0":{"name":"(anonymous_0)","decl":{"start":{"line":9,"column":4},"end":{"line":9,"column":5}},"loc":{"start":{"line":9,"column":23},"end":{"line":17,"column":5}},"line":9},"1":{"name":"(anonymous_1)","decl":{"start":{"line":19,"column":4},"end":{"line":19,"column":5}},"loc":{"start":{"line":19,"column":24},"end":{"line":23,"column":5}},"line":19},"2":{"name":"(anonymous_2)","decl":{"start":{"line":20,"column":34},"end":{"line":20,"column":35}},"loc":{"start":{"line":20,"column":43},"end":{"line":22,"column":9}},"line":20},"3":{"name":"(anonymous_3)","decl":{"start":{"line":25,"column":4},"end":{"line":25,"column":5}},"loc":{"start":{"line":25,"column":18},"end":{"line":35,"column":5}},"line":25},"4":{"name":"(anonymous_4)","decl":{"start":{"line":28,"column":18},"end":{"line":28,"column":19}},"loc":{"start":{"line":28,"column":34},"end":{"line":34,"column":13}},"line":28},"5":{"name":"(anonymous_5)","decl":{"start":{"line":37,"column":4},"end":{"line":37,"column":5}},"loc":{"start":{"line":37,"column":22},"end":{"line":50,"column":5}},"line":37},"6":{"name":"(anonymous_6)","decl":{"start":{"line":39,"column":47},"end":{"line":39,"column":48}},"loc":{"start":{"line":39,"column":56},"end":{"line":49,"column":9}},"line":39},"7":{"name":"(anonymous_7)","decl":{"start":{"line":41,"column":50},"end":{"line":41,"column":51}},"loc":{"start":{"line":41,"column":57},"end":{"line":46,"column":13}},"line":41},"8":{"name":"(anonymous_8)","decl":{"start":{"line":52,"column":4},"end":{"line":52,"column":5}},"loc":{"start":{"line":52,"column":23},"end":{"line":60,"column":5}},"line":52},"9":{"name":"(anonymous_9)","decl":{"start":{"line":55,"column":45},"end":{"line":55,"column":46}},"loc":{"start":{"line":55,"column":54},"end":{"line":58,"column":13}},"line":55},"10":{"name":"(anonymous_10)","decl":{"start":{"line":56,"column":57},"end":{"line":56,"column":58}},"loc":{"start":{"line":56,"column":64},"end":{"line":56,"column":80}},"line":56},"11":{"name":"(anonymous_11)","decl":{"start":{"line":62,"column":4},"end":{"line":62,"column":5}},"loc":{"start":{"line":62,"column":13},"end":{"line":96,"column":5}},"line":62},"12":{"name":"(anonymous_12)","decl":{"start":{"line":66,"column":20},"end":{"line":66,"column":21}},"loc":{"start":{"line":66,"column":30},"end":{"line":69,"column":13}},"line":66},"13":{"name":"(anonymous_13)","decl":{"start":{"line":70,"column":18},"end":{"line":70,"column":19}},"loc":{"start":{"line":70,"column":28},"end":{"line":70,"column":45}},"line":70},"14":{"name":"(anonymous_14)","decl":{"start":{"line":72,"column":39},"end":{"line":72,"column":40}},"loc":{"start":{"line":72,"column":49},"end":{"line":85,"column":9}},"line":72},"15":{"name":"(anonymous_15)","decl":{"start":{"line":79,"column":45},"end":{"line":79,"column":46}},"loc":{"start":{"line":79,"column":51},"end":{"line":79,"column":73}},"line":79},"16":{"name":"(anonymous_16)","decl":{"start":{"line":82,"column":37},"end":{"line":82,"column":38}},"loc":{"start":{"line":82,"column":43},"end":{"line":82,"column":66}},"line":82}},"branchMap":{"0":{"loc":{"start":{"line":42,"column":16},"end":{"line":44,"column":17}},"type":"if","locations":[{"start":{"line":42,"column":16},"end":{"line":44,"column":17}},{"start":{"line":42,"column":16},"end":{"line":44,"column":17}}],"line":42},"1":{"loc":{"start":{"line":54,"column":8},"end":{"line":59,"column":9}},"type":"if","locations":[{"start":{"line":54,"column":8},"end":{"line":59,"column":9}},{"start":{"line":54,"column":8},"end":{"line":59,"column":9}}],"line":54},"2":{"loc":{"start":{"line":67,"column":16},"end":{"line":67,"column":39}},"type":"if","locations":[{"start":{"line":67,"column":16},"end":{"line":67,"column":39}},{"start":{"line":67,"column":16},"end":{"line":67,"column":39}}],"line":67},"3":{"loc":{"start":{"line":68,"column":16},"end":{"line":68,"column":74}},"type":"if","locations":[{"start":{"line":68,"column":16},"end":{"line":68,"column":74}},{"start":{"line":68,"column":16},"end":{"line":68,"column":74}}],"line":68}},"s":{"0":0,"1":0,"2":0,"3":0,"4":0,"5":0,"6":0,"7":0,"8":0,"9":0,"10":0,"11":0,"12":0,"13":0,"14":0,"15":0,"16":0,"17":0,"18":0,"19":0,"20":0,"21":0,"22":0,"23":0,"24":0,"25":0,"26":0,"27":0,"28":0,"29":0,"30":0,"31":0,"32":0,"33":0,"34":0,"35":0,"36":0,"37":0,"38":0,"39":0},"f":{"0":0,"1":0,"2":0,"3":0,"4":0,"5":0,"6":0,"7":0,"8":0,"9":0,"10":0,"11":0,"12":0,"13":0,"14":0,"15":0,"16":0},"b":{"0":[0,0],"1":[0,0],"2":[0,0],"3":[0,0]}}
,"/Users/raghad/blog-frontend-master/my-app/src/components/LoginForm.js": {"path":"/Users/raghad/blog-frontend-master/my-app/src/components/LoginForm.js","statementMap":{"0":{"start":{"line":4,"column":18},"end":{"line":35,"column":2}},"1":{"start":{"line":11,"column":3},"end":{"line":34,"column":4}},"2":{"start":{"line":36,"column":1},"end":{"line":42,"column":1}}},"fnMap":{"0":{"name":"(anonymous_0)","decl":{"start":{"line":4,"column":18},"end":{"line":4,"column":19}},"loc":{"start":{"line":10,"column":9},"end":{"line":35,"column":2}},"line":10}},"branchMap":{},"s":{"0":0,"1":0,"2":0},"f":{"0":0},"b":{}}
,"/Users/raghad/blog-frontend-master/my-app/src/components/Toggable.js": {"path":"/Users/raghad/blog-frontend-master/my-app/src/components/Toggable.js","statementMap":{"0":{"start":{"line":5,"column":17},"end":{"line":35,"column":2}},"1":{"start":{"line":6,"column":32},"end":{"line":6,"column":47}},"2":{"start":{"line":8,"column":26},"end":{"line":8,"column":60}},"3":{"start":{"line":9,"column":26},"end":{"line":9,"column":60}},"4":{"start":{"line":11,"column":2},"end":{"line":13,"column":3}},"5":{"start":{"line":15,"column":27},"end":{"line":17,"column":3}},"6":{"start":{"line":16,"column":4},"end":{"line":16,"column":24}},"7":{"start":{"line":18,"column":2},"end":{"line":22,"column":4}},"8":{"start":{"line":19,"column":4},"end":{"line":21,"column":5}},"9":{"start":{"line":24,"column":2},"end":{"line":34,"column":3}}},"fnMap":{"0":{"name":"(anonymous_0)","decl":{"start":{"line":5,"column":34},"end":{"line":5,"column":35}},"loc":{"start":{"line":5,"column":50},"end":{"line":35,"column":1}},"line":5},"1":{"name":"(anonymous_1)","decl":{"start":{"line":15,"column":27},"end":{"line":15,"column":28}},"loc":{"start":{"line":15,"column":33},"end":{"line":17,"column":3}},"line":15},"2":{"name":"(anonymous_2)","decl":{"start":{"line":18,"column":27},"end":{"line":18,"column":28}},"loc":{"start":{"line":18,"column":33},"end":{"line":22,"column":3}},"line":18}},"branchMap":{"0":{"loc":{"start":{"line":8,"column":37},"end":{"line":8,"column":58}},"type":"cond-expr","locations":[{"start":{"line":8,"column":47},"end":{"line":8,"column":53}},{"start":{"line":8,"column":56},"end":{"line":8,"column":58}}],"line":8},"1":{"loc":{"start":{"line":9,"column":37},"end":{"line":9,"column":58}},"type":"cond-expr","locations":[{"start":{"line":9,"column":47},"end":{"line":9,"column":49}},{"start":{"line":9,"column":52},"end":{"line":9,"column":58}}],"line":9}},"s":{"0":1,"1":6,"2":4,"3":4,"4":4,"5":4,"6":0,"7":4,"8":0,"9":4},"f":{"0":6,"1":0,"2":0},"b":{"0":[0,4],"1":[0,4]},"_coverageSchema":"1a1c01bbd47fc00a2c39e90264f33305004495a9","hash":"8136023d42215f8c455e7aa740aaa00f8bedb2f0"}
,"/Users/raghad/blog-frontend-master/my-app/src/services/backend.js": {"path":"/Users/raghad/blog-frontend-master/my-app/src/services/backend.js","statementMap":{"0":{"start":{"line":3,"column":16},"end":{"line":3,"column":52}},"1":{"start":{"line":5,"column":12},"end":{"line":5,"column":16}},"2":{"start":{"line":7,"column":17},"end":{"line":9,"column":1}},"3":{"start":{"line":8,"column":2},"end":{"line":8,"column":30}},"4":{"start":{"line":11,"column":15},"end":{"line":17,"column":1}},"5":{"start":{"line":12,"column":18},"end":{"line":12,"column":36}},"6":{"start":{"line":13,"column":2},"end":{"line":16,"column":5}},"7":{"start":{"line":13,"column":36},"end":{"line":13,"column":49}},"8":{"start":{"line":14,"column":4},"end":{"line":14,"column":25}},"9":{"start":{"line":15,"column":4},"end":{"line":15,"column":19}},"10":{"start":{"line":18,"column":15},"end":{"line":25,"column":1}},"11":{"start":{"line":19,"column":17},"end":{"line":21,"column":3}},"12":{"start":{"line":23,"column":19},"end":{"line":23,"column":63}},"13":{"start":{"line":24,"column":2},"end":{"line":24,"column":22}},"14":{"start":{"line":27,"column":15},"end":{"line":30,"column":1}},"15":{"start":{"line":28,"column":18},"end":{"line":28,"column":58}},"16":{"start":{"line":29,"column":2},"end":{"line":29,"column":48}},"17":{"start":{"line":29,"column":34},"end":{"line":29,"column":47}},"18":{"start":{"line":32,"column":15},"end":{"line":38,"column":1}},"19":{"start":{"line":33,"column":17},"end":{"line":35,"column":3}},"20":{"start":{"line":36,"column":2},"end":{"line":37,"column":29}},"21":{"start":{"line":37,"column":19},"end":{"line":37,"column":27}}},"fnMap":{"0":{"name":"(anonymous_0)","decl":{"start":{"line":7,"column":17},"end":{"line":7,"column":18}},"loc":{"start":{"line":7,"column":29},"end":{"line":9,"column":1}},"line":7},"1":{"name":"(anonymous_1)","decl":{"start":{"line":11,"column":15},"end":{"line":11,"column":16}},"loc":{"start":{"line":11,"column":21},"end":{"line":17,"column":1}},"line":11},"2":{"name":"(anonymous_2)","decl":{"start":{"line":13,"column":22},"end":{"line":13,"column":23}},"loc":{"start":{"line":13,"column":36},"end":{"line":13,"column":49}},"line":13},"3":{"name":"(anonymous_3)","decl":{"start":{"line":13,"column":56},"end":{"line":13,"column":57}},"loc":{"start":{"line":13,"column":69},"end":{"line":16,"column":3}},"line":13},"4":{"name":"(anonymous_4)","decl":{"start":{"line":18,"column":15},"end":{"line":18,"column":16}},"loc":{"start":{"line":18,"column":34},"end":{"line":25,"column":1}},"line":18},"5":{"name":"(anonymous_5)","decl":{"start":{"line":27,"column":15},"end":{"line":27,"column":16}},"loc":{"start":{"line":27,"column":34},"end":{"line":30,"column":1}},"line":27},"6":{"name":"(anonymous_6)","decl":{"start":{"line":29,"column":22},"end":{"line":29,"column":23}},"loc":{"start":{"line":29,"column":34},"end":{"line":29,"column":47}},"line":29},"7":{"name":"(anonymous_7)","decl":{"start":{"line":32,"column":15},"end":{"line":32,"column":16}},"loc":{"start":{"line":32,"column":21},"end":{"line":38,"column":1}},"line":32},"8":{"name":"(anonymous_8)","decl":{"start":{"line":37,"column":10},"end":{"line":37,"column":11}},"loc":{"start":{"line":37,"column":19},"end":{"line":37,"column":27}},"line":37}},"branchMap":{},"s":{"0":0,"1":0,"2":0,"3":0,"4":0,"5":0,"6":0,"7":0,"8":0,"9":0,"10":0,"11":0,"12":0,"13":0,"14":0,"15":0,"16":0,"17":0,"18":0,"19":0,"20":0,"21":0},"f":{"0":0,"1":0,"2":0,"3":0,"4":0,"5":0,"6":0,"7":0,"8":0},"b":{}}
,"/Users/raghad/blog-frontend-master/my-app/src/services/login.js": {"path":"/Users/raghad/blog-frontend-master/my-app/src/services/login.js","statementMap":{"0":{"start":{"line":2,"column":16},"end":{"line":2,"column":52}},"1":{"start":{"line":4,"column":14},"end":{"line":7,"column":1}},"2":{"start":{"line":5,"column":19},"end":{"line":5,"column":57}},"3":{"start":{"line":6,"column":2},"end":{"line":6,"column":22}}},"fnMap":{"0":{"name":"(anonymous_0)","decl":{"start":{"line":4,"column":14},"end":{"line":4,"column":15}},"loc":{"start":{"line":4,"column":35},"end":{"line":7,"column":1}},"line":4}},"branchMap":{},"s":{"0":0,"1":0,"2":0,"3":0},"f":{"0":0},"b":{}}
}
